Flutter crash report.
Please report a bug at https://github.com/flutter/flutter/issues.

## command

flutter pub get

## exception

FileSystemException: FileSystemException: Deletion failed, path = 'C:\Users\Shikhar Agarwal\Flutter Projects\anti_smoking\windows\flutter\ephemeral\.plugin_symlinks' (OS Error: The system cannot find the file specified.
, errno = 2)

```
#0      _Directory._deleteSync (dart:io/directory_impl.dart:201:7)
#1      FileSystemEntity.deleteSync (dart:io/file_system_entity.dart:420:7)
#2      ForwardingFileSystemEntity.deleteSync (package:file/src/forwarding/forwarding_file_system_entity.dart:70:16)
#3      ErrorHandlingDirectory.deleteSync.<anonymous closure> (package:flutter_tools/src/base/error_handling_io.dart:486:22)
#4      _runSync (package:flutter_tools/src/base/error_handling_io.dart:597:14)
#5      ErrorHandlingDirectory.deleteSync (package:flutter_tools/src/base/error_handling_io.dart:485:12)
#6      _createPlatformPluginSymlinks (package:flutter_tools/src/flutter_plugins.dart:1015:22)
#7      createPluginSymlinks (package:flutter_tools/src/flutter_plugins.dart:964:5)
#8      refreshPluginsList (package:flutter_tools/src/flutter_plugins.dart:1055:5)
<asynchronous suspension>
#9      FlutterProject.ensureReadyForPlatformSpecificTooling (package:flutter_tools/src/project.dart:316:5)
<asynchronous suspension>
#10     PackagesGetCommand.runCommand (package:flutter_tools/src/commands/packages.dart:177:5)
<asynchronous suspension>
#11     FlutterCommand.run.<anonymous closure> (package:flutter_tools/src/runner/flutter_command.dart:1161:27)
<asynchronous suspension>
#12     AppContext.run.<anonymous closure> (package:flutter_tools/src/base/context.dart:150:19)
<asynchronous suspension>
#13     CommandRunner.runCommand (package:args/command_runner.dart:209:13)
<asynchronous suspension>
#14     FlutterCommandRunner.runCommand.<anonymous closure> (package:flutter_tools/src/runner/flutter_command_runner.dart:281:9)
<asynchronous suspension>
#15     AppContext.run.<anonymous closure> (package:flutter_tools/src/base/context.dart:150:19)
<asynchronous suspension>
#16     FlutterCommandRunner.runCommand (package:flutter_tools/src/runner/flutter_command_runner.dart:229:5)
<asynchronous suspension>
#17     run.<anonymous closure>.<anonymous closure> (package:flutter_tools/runner.dart:62:9)
<asynchronous suspension>
#18     AppContext.run.<anonymous closure> (package:flutter_tools/src/base/context.dart:150:19)
<asynchronous suspension>
#19     main (package:flutter_tools/executable.dart:94:3)
<asynchronous suspension>
```

## flutter doctor

```
[✓] Flutter (Channel stable, 2.10.5, on Microsoft Windows [Version 10.0.22000.675], locale en-IN)
    • Flutter version 2.10.5 at C:\flutter
    • Upstream repository https://github.com/flutter/flutter.git
    • Framework revision 5464c5bac7 (6 weeks ago), 2022-04-18 09:55:37 -0700
    • Engine revision 57d3bac3dd
    • Dart version 2.16.2
    • DevTools version 2.9.2

[✓] Android toolchain - develop for Android devices (Android SDK version 30.0.3)
    • Android SDK at C:\Users\Shikhar Agarwal\AppData\Local\Android\sdk
    • Platform android-32, build-tools 30.0.3
    • Java binary at: C:\Program Files\Android\Android Studio\jre\bin\java
    • Java version OpenJDK Runtime Environment (build 1.8.0_242-release-1644-b01)
    • All Android licenses accepted.

[✓] Chrome - develop for the web
    • Chrome at C:\Program Files\Google\Chrome\Application\chrome.exe

[✓] Visual Studio - develop for Windows (Visual Studio Build Tools 2019 16.11.10)
    • Visual Studio at C:\Program Files (x86)\Microsoft Visual Studio\2019\BuildTools
    • Visual Studio Build Tools 2019 version 16.11.32126.315
    • Windows 10 SDK version 10.0.19041.0

[✓] Android Studio (version 4.1)
    • Android Studio at C:\Program Files\Android\Android Studio
    • Flutter plugin can be installed from:
      🔨 https://plugins.jetbrains.com/plugin/9212-flutter
    • Dart plugin can be installed from:
      🔨 https://plugins.jetbrains.com/plugin/6351-dart
    • Java version OpenJDK Runtime Environment (build 1.8.0_242-release-1644-b01)

[✓] VS Code (version 1.67.2)
    • VS Code at C:\Users\Shikhar Agarwal\AppData\Local\Programs\Microsoft VS Code
    • Flutter extension version 3.40.0

[✓] Connected device (3 available)
    • Windows (desktop) • windows • windows-x64    • Microsoft Windows [Version 10.0.22000.675]
    • Chrome (web)      • chrome  • web-javascript • Google Chrome 102.0.5005.61
    • Edge (web)        • edge    • web-javascript • Microsoft Edge 101.0.1210.53

[✓] HTTP Host Availability
    • All required HTTP hosts are available

• No issues found!
```
